--- q u a n t i N E M O 2 ---
    LOGFILE


| basename                                | simfolder                               |      start time     |      stop time      | duration   | repl done | mean rpl   | mean gen | version                 | hostname             | output files 
| trutta_rem_B                            | /Users/fredericlozes-melero/Desktop/quantinemo_projet/actions_plans/Remove_bar_B/Trutta_rem_B/| 14-01-2025 10:00:12 | 14-01-2025 10:00:20 |   00:00:08 |        10 |   00:00:00 |     5000 | [Nov 26 2018; 10:15:54] | -                    | ".txt":
| trutta_rem_B                            | /Users/fredericlozes-melero/Desktop/quantinemo_projet/actions_plans/Remove_bar_B/Trutta_rem_B/| 14-01-2025 10:00:20 | 14-01-2025 10:00:28 |   00:00:08 |        10 |   00:00:00 |     5000 | [Nov 26 2018; 10:15:54] | -                    | ".txt":
| trutta_rem_B                            | /Users/fredericlozes-melero/Desktop/quantinemo_projet/actions_plans/Remove_bar_B/Trutta_rem_B/| 14-01-2025 10:00:28 | 14-01-2025 10:00:36 |   00:00:08 |        10 |   00:00:00 |     5000 | [Nov 26 2018; 10:15:54] | -                    | ".txt":
| septimaniae_rem_B                       | /Users/fredericlozes-melero/Desktop/quantinemo_projet/actions_plans/Remove_bar_B/Septimaniae_rem_B/| 14-01-2025 10:00:55 | 14-01-2025 10:01:31 |   00:00:36 |        10 |   00:00:03 |     5000 | [Nov 26 2018; 10:15:54] | -                    | ".txt":
| septimaniae_rem_B                       | /Users/fredericlozes-melero/Desktop/quantinemo_projet/actions_plans/Remove_bar_B/Septimaniae_rem_B/| 14-01-2025 10:01:31 | 14-01-2025 10:02:07 |   00:00:36 |        10 |   00:00:03 |     5000 | [Nov 26 2018; 10:15:54] | -                    | ".txt":
| septimaniae_rem_B                       | /Users/fredericlozes-melero/Desktop/quantinemo_projet/actions_plans/Remove_bar_B/Septimaniae_rem_B/| 14-01-2025 10:02:07 | 14-01-2025 10:02:43 |   00:00:36 |        10 |   00:00:03 |     5000 | [Nov 26 2018; 10:15:54] | -                    | ".txt":
| gobio_rem_B                             | /Users/fredericlozes-melero/Desktop/quantinemo_projet/actions_plans/Remove_bar_B/Gobio_rem_B/| 14-01-2025 10:03:00 | 14-01-2025 10:03:15 |   00:00:15 |        10 |   00:00:01 |     5000 | [Nov 26 2018; 10:15:54] | -                    | ".txt":
| gobio_rem_B                             | /Users/fredericlozes-melero/Desktop/quantinemo_projet/actions_plans/Remove_bar_B/Gobio_rem_B/| 14-01-2025 10:03:15 | 14-01-2025 10:03:30 |   00:00:15 |        10 |   00:00:01 |     5000 | [Nov 26 2018; 10:15:54] | -                    | ".txt":
| gobio_rem_B                             | /Users/fredericlozes-melero/Desktop/quantinemo_projet/actions_plans/Remove_bar_B/Gobio_rem_B/| 14-01-2025 10:03:30 | 14-01-2025 10:03:46 |   00:00:16 |        10 |   00:00:01 |     5000 | [Nov 26 2018; 10:15:54] | -                    | ".txt":
| trutta_rem_B                            | /Users/fredericlozes-melero/Desktop/quantinemo_projet/actions_plans/Remove_bar_B/Trutta_rem_B/| 14-01-2025 10:44:16 | 14-01-2025 10:44:23 |   00:00:07 |        10 |   00:00:00 |     5000 | [Nov 26 2018; 10:15:54] | -                    | ".txt":
| trutta_rem_B                            | /Users/fredericlozes-melero/Desktop/quantinemo_projet/actions_plans/Remove_bar_B/Trutta_rem_B/| 14-01-2025 10:44:23 | 14-01-2025 10:44:31 |   00:00:08 |        10 |   00:00:00 |     5000 | [Nov 26 2018; 10:15:54] | -                    | ".txt":
| trutta_rem_B                            | /Users/fredericlozes-melero/Desktop/quantinemo_projet/actions_plans/Remove_bar_B/Trutta_rem_B/| 14-01-2025 10:44:31 | 14-01-2025 10:44:39 |   00:00:08 |        10 |   00:00:00 |     5000 | [Nov 26 2018; 10:15:54] | -                    | ".txt":
| septimaniae_rem_B                       | /Users/fredericlozes-melero/Desktop/quantinemo_projet/actions_plans/Remove_bar_B/Septimaniae_rem_B/| 14-01-2025 10:45:29 | 14-01-2025 10:46:05 |   00:00:36 |        10 |   00:00:03 |     5000 | [Nov 26 2018; 10:15:54] | -                    | ".txt":
| septimaniae_rem_B                       | /Users/fredericlozes-melero/Desktop/quantinemo_projet/actions_plans/Remove_bar_B/Septimaniae_rem_B/| 14-01-2025 10:46:05 | 14-01-2025 10:46:41 |   00:00:36 |        10 |   00:00:03 |     5000 | [Nov 26 2018; 10:15:54] | -                    | ".txt":
| septimaniae_rem_B                       | /Users/fredericlozes-melero/Desktop/quantinemo_projet/actions_plans/Remove_bar_B/Septimaniae_rem_B/| 14-01-2025 10:46:41 | 14-01-2025 10:47:16 |   00:00:35 |        10 |   00:00:03 |     5000 | [Nov 26 2018; 10:15:54] | -                    | ".txt":
| gobio_rem_B                             | /Users/fredericlozes-melero/Desktop/quantinemo_projet/actions_plans/Remove_bar_B/Gobio_rem_B/| 14-01-2025 10:47:32 | 14-01-2025 10:47:47 |   00:00:15 |        10 |   00:00:01 |     5000 | [Nov 26 2018; 10:15:54] | -                    | ".txt":
| gobio_rem_B                             | /Users/fredericlozes-melero/Desktop/quantinemo_projet/actions_plans/Remove_bar_B/Gobio_rem_B/| 14-01-2025 10:47:47 | 14-01-2025 10:48:02 |   00:00:15 |        10 |   00:00:01 |     5000 | [Nov 26 2018; 10:15:54] | -                    | ".txt":
| gobio_rem_B                             | /Users/fredericlozes-melero/Desktop/quantinemo_projet/actions_plans/Remove_bar_B/Gobio_rem_B/| 14-01-2025 10:48:02 | 14-01-2025 10:48:16 |   00:00:14 |        10 |   00:00:01 |     5000 | [Nov 26 2018; 10:15:54] | -                    | ".txt":
