--- q u a n t i N E M O 2 ---
    LOGFILE


| basename                                | simfolder                               |      start time     |      stop time      | duration   | repl done | mean rpl   | mean gen | version                 | hostname             | output files 
| trutta_rem_A                            | /Users/fredericlozes-melero/Desktop/quantinemo_projet/actions_plans/Remove_bar_A/Trutta_rem_A/| 14-01-2025 09:56:20 | 14-01-2025 09:56:28 |   00:00:08 |        10 |   00:00:00 |     5000 | [Nov 26 2018; 10:15:54] | -                    | ".txt":
| trutta_rem_A                            | /Users/fredericlozes-melero/Desktop/quantinemo_projet/actions_plans/Remove_bar_A/Trutta_rem_A/| 14-01-2025 09:56:28 | 14-01-2025 09:56:35 |   00:00:07 |        10 |   00:00:00 |     5000 | [Nov 26 2018; 10:15:54] | -                    | ".txt":
| trutta_rem_A                            | /Users/fredericlozes-melero/Desktop/quantinemo_projet/actions_plans/Remove_bar_A/Trutta_rem_A/| 14-01-2025 09:56:35 | 14-01-2025 09:56:43 |   00:00:08 |        10 |   00:00:00 |     5000 | [Nov 26 2018; 10:15:54] | -                    | ".txt":
| septimaniae_rem_A                       | /Users/fredericlozes-melero/Desktop/quantinemo_projet/actions_plans/Remove_bar_A/Septimaniae_rem_A/| 14-01-2025 09:57:03 | 14-01-2025 09:57:38 |   00:00:35 |        10 |   00:00:03 |     5000 | [Nov 26 2018; 10:15:54] | -                    | ".txt":
| septimaniae_rem_A                       | /Users/fredericlozes-melero/Desktop/quantinemo_projet/actions_plans/Remove_bar_A/Septimaniae_rem_A/| 14-01-2025 09:57:38 | 14-01-2025 09:58:14 |   00:00:36 |        10 |   00:00:03 |     5000 | [Nov 26 2018; 10:15:54] | -                    | ".txt":
| septimaniae_rem_A                       | /Users/fredericlozes-melero/Desktop/quantinemo_projet/actions_plans/Remove_bar_A/Septimaniae_rem_A/| 14-01-2025 09:58:14 | 14-01-2025 09:58:50 |   00:00:36 |        10 |   00:00:03 |     5000 | [Nov 26 2018; 10:15:54] | -                    | ".txt":
| gobio_rem_A                             | /Users/fredericlozes-melero/Desktop/quantinemo_projet/actions_plans/Remove_bar_A/Gobio_rem_A/| 14-01-2025 09:59:00 | 14-01-2025 09:59:15 |   00:00:15 |        10 |   00:00:01 |     5000 | [Nov 26 2018; 10:15:54] | -                    | ".txt":
| gobio_rem_A                             | /Users/fredericlozes-melero/Desktop/quantinemo_projet/actions_plans/Remove_bar_A/Gobio_rem_A/| 14-01-2025 09:59:15 | 14-01-2025 09:59:30 |   00:00:15 |        10 |   00:00:01 |     5000 | [Nov 26 2018; 10:15:54] | -                    | ".txt":
| gobio_rem_A                             | /Users/fredericlozes-melero/Desktop/quantinemo_projet/actions_plans/Remove_bar_A/Gobio_rem_A/| 14-01-2025 09:59:30 | 14-01-2025 09:59:46 |   00:00:16 |        10 |   00:00:01 |     5000 | [Nov 26 2018; 10:15:54] | -                    | ".txt":
| trutta_rem_A                            | /Users/fredericlozes-melero/Desktop/quantinemo_projet/actions_plans/Remove_bar_A/Trutta_rem_A/| 14-01-2025 10:39:42 | 14-01-2025 10:39:50 |   00:00:08 |        10 |   00:00:00 |     5000 | [Nov 26 2018; 10:15:54] | -                    | ".txt":
| trutta_rem_A                            | /Users/fredericlozes-melero/Desktop/quantinemo_projet/actions_plans/Remove_bar_A/Trutta_rem_A/| 14-01-2025 10:39:50 | 14-01-2025 10:39:58 |   00:00:08 |        10 |   00:00:00 |     5000 | [Nov 26 2018; 10:15:54] | -                    | ".txt":
| trutta_rem_A                            | /Users/fredericlozes-melero/Desktop/quantinemo_projet/actions_plans/Remove_bar_A/Trutta_rem_A/| 14-01-2025 10:39:58 | 14-01-2025 10:40:05 |   00:00:07 |        10 |   00:00:00 |     5000 | [Nov 26 2018; 10:15:54] | -                    | ".txt":
| septimaniae_rem_A                       | /Users/fredericlozes-melero/Desktop/quantinemo_projet/actions_plans/Remove_bar_A/Septimaniae_rem_A/| 14-01-2025 10:40:35 | 14-01-2025 10:41:10 |   00:00:35 |        10 |   00:00:03 |     5000 | [Nov 26 2018; 10:15:54] | -                    | ".txt":
| septimaniae_rem_A                       | /Users/fredericlozes-melero/Desktop/quantinemo_projet/actions_plans/Remove_bar_A/Septimaniae_rem_A/| 14-01-2025 10:41:10 | 14-01-2025 10:41:46 |   00:00:36 |        10 |   00:00:03 |     5000 | [Nov 26 2018; 10:15:54] | -                    | ".txt":
| septimaniae_rem_A                       | /Users/fredericlozes-melero/Desktop/quantinemo_projet/actions_plans/Remove_bar_A/Septimaniae_rem_A/| 14-01-2025 10:41:46 | 14-01-2025 10:42:21 |   00:00:35 |        10 |   00:00:03 |     5000 | [Nov 26 2018; 10:15:54] | -                    | ".txt":
| gobio_rem_A                             | /Users/fredericlozes-melero/Desktop/quantinemo_projet/actions_plans/Remove_bar_A/Gobio_rem_A/| 14-01-2025 10:42:44 | 14-01-2025 10:42:59 |   00:00:15 |        10 |   00:00:01 |     5000 | [Nov 26 2018; 10:15:54] | -                    | ".txt":
| gobio_rem_A                             | /Users/fredericlozes-melero/Desktop/quantinemo_projet/actions_plans/Remove_bar_A/Gobio_rem_A/| 14-01-2025 10:42:59 | 14-01-2025 10:43:14 |   00:00:15 |        10 |   00:00:01 |     5000 | [Nov 26 2018; 10:15:54] | -                    | ".txt":
| gobio_rem_A                             | /Users/fredericlozes-melero/Desktop/quantinemo_projet/actions_plans/Remove_bar_A/Gobio_rem_A/| 14-01-2025 10:43:14 | 14-01-2025 10:43:29 |   00:00:15 |        10 |   00:00:01 |     5000 | [Nov 26 2018; 10:15:54] | -                    | ".txt":
| trutta_rem_A                            | /Users/fredericlozes-melero/Desktop/quantinemo_projet/actions_plans/Remove_bar_A/Trutta_rem_A/| 14-01-2025 22:05:21 | 14-01-2025 22:05:28 |   00:00:07 |        10 |   00:00:00 |     5000 | [Nov 26 2018; 10:15:54] | -                    | ".txt":
| trutta_rem_A                            | /Users/fredericlozes-melero/Desktop/quantinemo_projet/actions_plans/Remove_bar_A/Trutta_rem_A/| 14-01-2025 22:05:28 | 14-01-2025 22:05:36 |   00:00:08 |        10 |   00:00:00 |     5000 | [Nov 26 2018; 10:15:54] | -                    | ".txt":
| trutta_rem_A                            | /Users/fredericlozes-melero/Desktop/quantinemo_projet/actions_plans/Remove_bar_A/Trutta_rem_A/| 14-01-2025 22:05:36 | 14-01-2025 22:05:44 |   00:00:08 |        10 |   00:00:00 |     5000 | [Nov 26 2018; 10:15:54] | -                    | ".txt":
| gobio_rem_A                             | /Users/fredericlozes-melero/Desktop/quantinemo_projet/actions_plans/Remove_bar_A/Gobio_rem_A/| 14-01-2025 22:12:16 | 14-01-2025 22:12:31 |   00:00:15 |        10 |   00:00:01 |     5000 | [Nov 26 2018; 10:15:54] | -                    | ".txt":
| gobio_rem_A                             | /Users/fredericlozes-melero/Desktop/quantinemo_projet/actions_plans/Remove_bar_A/Gobio_rem_A/| 14-01-2025 22:12:31 | 14-01-2025 22:12:46 |   00:00:15 |        10 |   00:00:01 |     5000 | [Nov 26 2018; 10:15:54] | -                    | ".txt":
| gobio_rem_A                             | /Users/fredericlozes-melero/Desktop/quantinemo_projet/actions_plans/Remove_bar_A/Gobio_rem_A/| 14-01-2025 22:12:46 | 14-01-2025 22:13:01 |   00:00:15 |        10 |   00:00:01 |     5000 | [Nov 26 2018; 10:15:54] | -                    | ".txt":
| septimaniae_rem_A                       | /Users/fredericlozes-melero/Desktop/quantinemo_projet/actions_plans/Remove_bar_A/Septimaniae_rem_A/| 14-01-2025 22:13:16 | 14-01-2025 22:13:52 |   00:00:36 |        10 |   00:00:03 |     5000 | [Nov 26 2018; 10:15:54] | -                    | ".txt":
| septimaniae_rem_A                       | /Users/fredericlozes-melero/Desktop/quantinemo_projet/actions_plans/Remove_bar_A/Septimaniae_rem_A/| 14-01-2025 22:13:52 | 14-01-2025 22:14:29 |   00:00:37 |        10 |   00:00:03 |     5000 | [Nov 26 2018; 10:15:54] | -                    | ".txt":
| septimaniae_rem_A                       | /Users/fredericlozes-melero/Desktop/quantinemo_projet/actions_plans/Remove_bar_A/Septimaniae_rem_A/| 14-01-2025 22:14:29 | 14-01-2025 22:15:06 |   00:00:37 |        10 |   00:00:03 |     5000 | [Nov 26 2018; 10:15:54] | -                    | ".txt":
| gobio_rem_A                             | /Users/fredericlozes-melero/Desktop/quantinemo_projet/actions_plans/Remove_bar_A/Gobio_rem_A/| 14-01-2025 22:16:42 | 14-01-2025 22:16:57 |   00:00:15 |        10 |   00:00:01 |     5000 | [Nov 26 2018; 10:15:54] | -                    | ".txt":
| gobio_rem_A                             | /Users/fredericlozes-melero/Desktop/quantinemo_projet/actions_plans/Remove_bar_A/Gobio_rem_A/| 14-01-2025 22:16:57 | 14-01-2025 22:17:12 |   00:00:15 |        10 |   00:00:01 |     5000 | [Nov 26 2018; 10:15:54] | -                    | ".txt":
| gobio_rem_A                             | /Users/fredericlozes-melero/Desktop/quantinemo_projet/actions_plans/Remove_bar_A/Gobio_rem_A/| 14-01-2025 22:17:12 | 14-01-2025 22:17:26 |   00:00:14 |        10 |   00:00:01 |     5000 | [Nov 26 2018; 10:15:54] | -                    | ".txt":
